<?xml version="1.0" encoding="UTF-8"?><testsuite errors="0" failures="1" name="org.example.features.search.SearchByKeywordStory" skipped="1" tests="3" time="15.51" timestamp="2024-05-21 07:53:31"><testcase classname="org.example.features.search.SearchByKeywordStory" name="Searching by keyword football should display the corresponding article"/><testcase classname="org.example.features.search.SearchByKeywordStory" name="Searching by keyword bistrita should display the corresponding article"><failure message="&#10;Expected: a collection containing a string containing &quot;The capital city of BistriÈ›a-NÄƒsÄƒud County, Romania.&quot;&#10;     but: was &quot;The capital city of Bistrița-Năsăud County, Romania. quotations ▼&quot;, was &quot;&quot;, was &quot;A river in Romania; a tributary of the Siret. synonyms ▲quotations ▼&#10;Synonyms: Bistrița Aurie, Bistrița River&quot;, was &quot;&quot;, was &quot;&quot;, was &quot;&quot;, was &quot;&quot;" type="java.lang.AssertionError">
Expected: a collection containing a string containing "The capital city of BistriÈ›a-NÄƒsÄƒud County, Romania."
     but: was "The capital city of Bistrița-Năsăud County, Romania. quotations ▼", was "", was "A river in Romania; a tributary of the Siret. synonyms ▲quotations ▼
Synonyms: Bistrița Aurie, Bistrița River", was "", was "", was "", was ""</failure><system-err>
Expected: a collection containing a string containing "The capital city of BistriÈ›a-NÄƒsÄƒud County, Romania."
     but: was "The capital city of Bistrița-Năsăud County, Romania. quotations ▼", was "", was "A river in Romania; a tributary of the Siret. synonyms ▲quotations ▼
Synonyms: Bistrița Aurie, Bistrița River", was "", was "", was "", was ""&#13;
org.example.steps.serenity.EndUserSteps.should_see_definition(EndUserSteps.java:27)&#13;
org.example.features.search.SearchByKeywordStory.searching_by_keyword_bistrita_should_Display_the_corresponding_article(SearchByKeywordStory.java:39)&#13;
worker.org.gradle.process.internal.worker.GradleWorkerMain.run(GradleWorkerMain.java:69)&#13;
worker.org.gradle.process.internal.worker.GradleWorkerMain.main(GradleWorkerMain.java:74)&#13;
</system-err></testcase><testcase classname="org.example.features.search.SearchByKeywordStory" name="Searching by ambiguous keyword should display the disambiguation page"><skipped/></testcase></testsuite>